<?xml version="1.0" encoding="UTF-8"?>
<Site BuildName="Win32-ninja"
	BuildStamp="20241004-2343-Experimental"
	Name="Hi"
	Generator="ctest-3.29.2"
	CompilerName="H:/mingw64/bin/c++.exe"
	CompilerVersion="13.2.0"
	OSName="Windows"
	Hostname="Hi"
	OSRelease=" Professional"
	OSVersion=" (Build 9200)"
	OSPlatform="AMD64"
	Is64Bits="1"
	VendorString=""
	VendorID="Unknown Manufacturer"
	FamilyID="0"
	ModelID="0"
	ProcessorCacheSize="0"
	NumberOfLogicalCPU="12"
	NumberOfPhysicalCPU="6"
	TotalVirtualMemory="34652"
	TotalPhysicalMemory="32604"
	LogicalProcessorsPerPhysical="2"
	ProcessorClockFrequency="2995"
	>
	<Testing>
		<StartDateTime>Oct 05 07:46 中国标准时间</StartDateTime>
		<StartTestTime>1728085617</StartTestTime>
		<TestList/>
		<EndDateTime>Oct 05 07:46 中国标准时间</EndDateTime>
		<EndTestTime>1728085617</EndTestTime>
		<ElapsedMinutes>0</ElapsedMinutes>
	</Testing>
</Site>
